[Licensing::Module] Trying to connect to existing licensing client channel...
Built from '6000.3/staging' branch; Version is '6000.3.11f1 (3000ef702840) revision 3145967'; Using compiler version '194234433'; Build Type 'Release'
OS: 'Windows 11  (10.0.26200) Professional' Language: 'en' Physical Memory: 32495 MB
[Licensing::IpcConnector] Successfully connected to: "LicenseClient-neyfr" at "2026-06-02T05:10:35.9426143Z"
BatchMode: 1, IsHumanControllingUs: 0, StartBugReporterOnCrash: 0, Is64bit: 1
System  architecture: x64
Process architecture: x64
Date: 2026-06-02T05:10:35Z

COMMAND LINE ARGUMENTS:
C:\Program Files\Unity\Hub\Editor\6000.3.11f1\Editor\Unity.exe
-batchmode
-nographics
-quit
-projectPath
c:\Users\neyfr\Downloads\ExperimentPrototypeB03230
-logFile
c:\Users\neyfr\Downloads\ExperimentPrototypeB03230\Logs\batch-compile-check.log
Successfully changed project path to: c:\Users\neyfr\Downloads\ExperimentPrototypeB03230
C:/Users/neyfr/Downloads/ExperimentPrototypeB03230
Exiting without the bug reporter. Application will terminate with return code 1